Flow report for Crossbar
Fri Aug 24 10:27:30 2018
Quartus II Version 9.1 Build 350 03/24/2010 Service Pack 2 SJ Web Edition


---------------------
; Table of Contents ;
---------------------
  1. Legal Notice
  2. Flow Summary
  3. Flow Settings
  4. Flow Non-Default Global Settings
  5. Flow Elapsed Time
  6. Flow OS Summary
  7. Flow Log



----------------
; Legal Notice ;
----------------
Copyright (C) 1991-2010 Altera Corporation
Your use of Altera Corporation's design tools, logic functions 
and other software and tools, and its AMPP partner logic 
functions, and any output files from any of the foregoing 
(including device programming or simulation files), and any 
associated documentation or information are expressly subject 
to the terms and conditions of the Altera Program License 
Subscription Agreement, Altera MegaCore Function License 
Agreement, or other applicable license agreement, including, 
without limitation, that your use is for the sole purpose of 
programming logic devices manufactured by Altera and sold by 
Altera or its authorized distributors.  Please refer to the 
applicable agreement for further details.



+-----------------------------------------------------------------------------------+
; Flow Summary                                                                      ;
+------------------------------------+----------------------------------------------+
; Flow Status                        ; Successful - Fri Aug 24 10:27:30 2018        ;
; Quartus II Version                 ; 9.1 Build 350 03/24/2010 SP 2 SJ Web Edition ;
; Revision Name                      ; Crossbar                                     ;
; Top-level Entity Name              ; Crossbar                                     ;
; Family                             ; Cyclone IV E                                 ;
; Device                             ; EP4CE30F29C8L                                ;
; Timing Models                      ; Preliminary                                  ;
; Met timing requirements            ; N/A                                          ;
; Total logic elements               ; 539 / 28,848 ( 2 % )                         ;
;     Total combinational functions  ; 442 / 28,848 ( 2 % )                         ;
;     Dedicated logic registers      ; 344 / 28,848 ( 1 % )                         ;
; Total registers                    ; 344                                          ;
; Total pins                         ; 395 / 533 ( 74 % )                           ;
; Total virtual pins                 ; 0                                            ;
; Total memory bits                  ; 0 / 608,256 ( 0 % )                          ;
; Embedded Multiplier 9-bit elements ; 0 / 132 ( 0 % )                              ;
; Total PLLs                         ; 0 / 4 ( 0 % )                                ;
+------------------------------------+----------------------------------------------+


+-----------------------------------------+
; Flow Settings                           ;
+-------------------+---------------------+
; Option            ; Setting             ;
+-------------------+---------------------+
; Start date & time ; 08/24/2018 10:26:58 ;
; Main task         ; Compilation         ;
; Revision Name     ; Crossbar            ;
+-------------------+---------------------+


+---------------------------------------------------------------------------------------------------------------------------------------------------------------+
; Flow Non-Default Global Settings                                                                                                                              ;
+------------------------------------------------+----------------------------------------------------------+---------------+-------------+---------------------+
; Assignment Name                                ; Value                                                    ; Default Value ; Entity Name ; Section Id          ;
+------------------------------------------------+----------------------------------------------------------+---------------+-------------+---------------------+
; COMPILER_SIGNATURE_ID                          ; 1098569887659.153509561810288                            ; --            ; --          ; --                  ;
; EDA_DESIGN_INSTANCE_NAME                       ; Crossbar_instance                                        ; --            ; --          ; testbench           ;
; EDA_NATIVELINK_SIMULATION_TEST_BENCH           ; testbench                                                ; --            ; --          ; eda_simulation      ;
; EDA_NETLIST_WRITER_OUTPUT_DIR                  ; timing/custom                                            ; --            ; --          ; eda_timing_analysis ;
; EDA_OUTPUT_DATA_FORMAT                         ; Verilog Hdl                                              ; --            ; --          ; eda_simulation      ;
; EDA_OUTPUT_DATA_FORMAT                         ; Verilog Hdl                                              ; --            ; --          ; eda_timing_analysis ;
; EDA_SIMULATION_TOOL                            ; ModelSim-Altera (Verilog)                                ; <None>        ; --          ; --                  ;
; EDA_TEST_BENCH_ENABLE_STATUS                   ; TEST_BENCH_MODE                                          ; --            ; --          ; eda_simulation      ;
; EDA_TEST_BENCH_FILE                            ; simulation/modelsim/Crossbar.vt                          ; --            ; --          ; testbench           ;
; EDA_TEST_BENCH_MODULE_NAME                     ; Crossbar_vlg_tst                                         ; --            ; --          ; testbench           ;
; EDA_TEST_BENCH_NAME                            ; testbench                                                ; --            ; --          ; eda_simulation      ;
; EDA_TIME_SCALE                                 ; 1 ps                                                     ; --            ; --          ; eda_simulation      ;
; EDA_TIMING_ANALYSIS_TOOL                       ; Custom Verilog HDL                                       ; <None>        ; --          ; --                  ;
; EDA_USER_COMPILED_SIMULATION_LIBRARY_DIRECTORY ; C:/Projects/QuartusProjects/Crossbar/simulation/modelsim ; --            ; --          ; eda_simulation      ;
; MAX_CORE_JUNCTION_TEMP                         ; 85                                                       ; --            ; --          ; --                  ;
; MIN_CORE_JUNCTION_TEMP                         ; 0                                                        ; --            ; --          ; --                  ;
; NOMINAL_CORE_SUPPLY_VOLTAGE                    ; 1.0V                                                     ; --            ; --          ; --                  ;
; PARTITION_COLOR                                ; 16764057                                                 ; --            ; --          ; Top                 ;
; PARTITION_NETLIST_TYPE                         ; SOURCE                                                   ; --            ; --          ; Top                 ;
; USE_GENERATED_PHYSICAL_CONSTRAINTS             ; Off                                                      ; --            ; --          ; eda_blast_fpga      ;
; VERILOG_INPUT_VERSION                          ; SystemVerilog_2005                                       ; Verilog_2001  ; --          ; --                  ;
; VERILOG_SHOW_LMF_MAPPING_MESSAGES              ; Off                                                      ; --            ; --          ; --                  ;
+------------------------------------------------+----------------------------------------------------------+---------------+-------------+---------------------+


+-------------------------------------------------------------------------------------------------------------------------------+
; Flow Elapsed Time                                                                                                             ;
+---------------------------+--------------+-------------------------+---------------------+------------------------------------+
; Module Name               ; Elapsed Time ; Average Processors Used ; Peak Virtual Memory ; Total CPU Time (on all processors) ;
+---------------------------+--------------+-------------------------+---------------------+------------------------------------+
; Analysis & Synthesis      ; 00:00:04     ; 1.0                     ; 251 MB              ; 00:00:04                           ;
; Fitter                    ; 00:00:16     ; 1.0                     ; 324 MB              ; 00:00:16                           ;
; TimeQuest Timing Analyzer ; 00:00:07     ; 1.0                     ; 257 MB              ; 00:00:07                           ;
; Assembler                 ; 00:00:03     ; 1.0                     ; 295 MB              ; 00:00:02                           ;
; EDA Netlist Writer        ; 00:00:02     ; 1.0                     ; 206 MB              ; 00:00:02                           ;
; Total                     ; 00:00:29     ; --                      ; --                  ; 00:00:29                           ;
+---------------------------+--------------+-------------------------+---------------------+------------------------------------+


+--------------------------------------------------------------------------------------------+
; Flow OS Summary                                                                            ;
+---------------------------+------------------+---------------+------------+----------------+
; Module Name               ; Machine Hostname ; OS Name       ; OS Version ; Processor type ;
+---------------------------+------------------+---------------+------------+----------------+
; Analysis & Synthesis      ; LAPTOP-MCNU6H9L  ; Windows Vista ; 6.2        ; x86_64         ;
; Fitter                    ; LAPTOP-MCNU6H9L  ; Windows Vista ; 6.2        ; x86_64         ;
; Assembler                 ; LAPTOP-MCNU6H9L  ; Windows Vista ; 6.2        ; x86_64         ;
; TimeQuest Timing Analyzer ; LAPTOP-MCNU6H9L  ; Windows Vista ; 6.2        ; x86_64         ;
; EDA Netlist Writer        ; LAPTOP-MCNU6H9L  ; Windows Vista ; 6.2        ; x86_64         ;
+---------------------------+------------------+---------------+------------+----------------+


------------
; Flow Log ;
------------
quartus_map --read_settings_files=on --write_settings_files=off Crossbar -c Crossbar
quartus_fit --read_settings_files=off --write_settings_files=off Crossbar -c Crossbar
quartus_asm --read_settings_files=off --write_settings_files=off Crossbar -c Crossbar
quartus_sta Crossbar -c Crossbar
quartus_eda --read_settings_files=off --write_settings_files=off Crossbar -c Crossbar



