EDA Netlist Writer report for Crossbar
Fri Aug 24 10:27:30 2018
Quartus II Version 9.1 Build 350 03/24/2010 Service Pack 2 SJ Web Edition


---------------------
; Table of Contents ;
---------------------
  1. Legal Notice
  2. EDA Netlist Writer Summary
  3. Simulation Settings
  4. Simulation Generated Files
  5. Timing Analysis Settings
  6. Timing Analysis Generated Files
  7. EDA Netlist Writer Messages



----------------
; Legal Notice ;
----------------
Copyright (C) 1991-2010 Altera Corporation
Your use of Altera Corporation's design tools, logic functions 
and other software and tools, and its AMPP partner logic 
functions, and any output files from any of the foregoing 
(including device programming or simulation files), and any 
associated documentation or information are expressly subject 
to the terms and conditions of the Altera Program License 
Subscription Agreement, Altera MegaCore Function License 
Agreement, or other applicable license agreement, including, 
without limitation, that your use is for the sole purpose of 
programming logic devices manufactured by Altera and sold by 
Altera or its authorized distributors.  Please refer to the 
applicable agreement for further details.



+------------------------------------------------------------------------+
; EDA Netlist Writer Summary                                             ;
+--------------------------------+---------------------------------------+
; EDA Netlist Writer Status      ; Successful - Fri Aug 24 10:27:30 2018 ;
; Revision Name                  ; Crossbar                              ;
; Top-level Entity Name          ; Crossbar                              ;
; Family                         ; Cyclone IV E                          ;
; Simulation Files Creation      ; Successful                            ;
; Timing Analysis Files Creation ; Successful                            ;
+--------------------------------+---------------------------------------+


+-------------------------------------------------------------------------------------------------------------------------------+
; Simulation Settings                                                                                                           ;
+---------------------------------------------------------------------------------------------------+---------------------------+
; Option                                                                                            ; Setting                   ;
+---------------------------------------------------------------------------------------------------+---------------------------+
; Tool Name                                                                                         ; ModelSim-Altera (Verilog) ;
; Generate netlist for functional simulation only                                                   ; Off                       ;
; Time scale                                                                                        ; 1 ps                      ;
; Truncate long hierarchy paths                                                                     ; Off                       ;
; Map illegal HDL characters                                                                        ; Off                       ;
; Flatten buses into individual nodes                                                               ; Off                       ;
; Maintain hierarchy                                                                                ; Off                       ;
; Bring out device-wide set/reset signals as ports                                                  ; Off                       ;
; Enable glitch filtering                                                                           ; Off                       ;
; Do not write top level VHDL entity                                                                ; Off                       ;
; Disable detection of setup and hold time violations in the input registers of bi-directional pins ; Off                       ;
; Architecture name in VHDL output netlist                                                          ; structure                 ;
; Generate third-party EDA tool command script for RTL functional simulation                        ; Off                       ;
; Generate third-party EDA tool command script for gate-level simulation                            ; Off                       ;
+---------------------------------------------------------------------------------------------------+---------------------------+


+--------------------------------------------------------------------------------------------+
; Simulation Generated Files                                                                 ;
+--------------------------------------------------------------------------------------------+
; Generated Files                                                                            ;
+--------------------------------------------------------------------------------------------+
; C:/Projects/QuartusProjects/Crossbar/simulation/modelsim/Crossbar_8l_1000mv_85c_slow.vo    ;
; C:/Projects/QuartusProjects/Crossbar/simulation/modelsim/Crossbar_8l_1000mv_0c_slow.vo     ;
; C:/Projects/QuartusProjects/Crossbar/simulation/modelsim/Crossbar_min_1000mv_0c_fast.vo    ;
; C:/Projects/QuartusProjects/Crossbar/simulation/modelsim/Crossbar.vo                       ;
; C:/Projects/QuartusProjects/Crossbar/simulation/modelsim/Crossbar_8l_1000mv_85c_v_slow.sdo ;
; C:/Projects/QuartusProjects/Crossbar/simulation/modelsim/Crossbar_8l_1000mv_0c_v_slow.sdo  ;
; C:/Projects/QuartusProjects/Crossbar/simulation/modelsim/Crossbar_min_1000mv_0c_v_fast.sdo ;
; C:/Projects/QuartusProjects/Crossbar/simulation/modelsim/Crossbar_v.sdo                    ;
+--------------------------------------------------------------------------------------------+


+----------------------------------------------------------+
; Timing Analysis Settings                                 ;
+-------------------------------------+--------------------+
; Option                              ; Setting            ;
+-------------------------------------+--------------------+
; Tool Name                           ; Custom Verilog HDL ;
; Time scale                          ; 1 ps               ;
; Truncate long hierarchy paths       ; Off                ;
; Map illegal HDL characters          ; Off                ;
; Flatten buses into individual nodes ; Off                ;
+-------------------------------------+--------------------+


+-------------------------------------------------------------------+
; Timing Analysis Generated Files                                   ;
+-------------------------------------------------------------------+
; Generated Files                                                   ;
+-------------------------------------------------------------------+
; C:/Projects/QuartusProjects/Crossbar/timing/custom/Crossbar.vo    ;
; C:/Projects/QuartusProjects/Crossbar/timing/custom/Crossbar_v.sdo ;
+-------------------------------------------------------------------+


+-----------------------------+
; EDA Netlist Writer Messages ;
+-----------------------------+
Info: *******************************************************************
Info: Running Quartus II EDA Netlist Writer
    Info: Version 9.1 Build 350 03/24/2010 Service Pack 2 SJ Web Edition
    Info: Processing started: Fri Aug 24 10:27:28 2018
Info: Command: quartus_eda --read_settings_files=off --write_settings_files=off Crossbar -c Crossbar
Info: Generated file Crossbar_8l_1000mv_85c_slow.vo in folder "C:/Projects/QuartusProjects/Crossbar/simulation/modelsim/" for EDA simulation tool
Info: Generated file Crossbar_8l_1000mv_0c_slow.vo in folder "C:/Projects/QuartusProjects/Crossbar/simulation/modelsim/" for EDA simulation tool
Info: Generated file Crossbar_min_1000mv_0c_fast.vo in folder "C:/Projects/QuartusProjects/Crossbar/simulation/modelsim/" for EDA simulation tool
Info: Generated file Crossbar.vo in folder "C:/Projects/QuartusProjects/Crossbar/simulation/modelsim/" for EDA simulation tool
Info: Generated file Crossbar_8l_1000mv_85c_v_slow.sdo in folder "C:/Projects/QuartusProjects/Crossbar/simulation/modelsim/" for EDA simulation tool
Info: Generated file Crossbar_8l_1000mv_0c_v_slow.sdo in folder "C:/Projects/QuartusProjects/Crossbar/simulation/modelsim/" for EDA simulation tool
Info: Generated file Crossbar_min_1000mv_0c_v_fast.sdo in folder "C:/Projects/QuartusProjects/Crossbar/simulation/modelsim/" for EDA simulation tool
Info: Generated file Crossbar_v.sdo in folder "C:/Projects/QuartusProjects/Crossbar/simulation/modelsim/" for EDA simulation tool
Info: Port "master_rdata[0][0]" is changed into "master_rdata_0_0" because it's a member of 2-D array port "master_rdata"
Info: Port "master_rdata[0][1]" is changed into "master_rdata_0_1" because it's a member of 2-D array port "master_rdata"
Info: Port "master_rdata[0][2]" is changed into "master_rdata_0_2" because it's a member of 2-D array port "master_rdata"
Info: Port "master_rdata[0][3]" is changed into "master_rdata_0_3" because it's a member of 2-D array port "master_rdata"
Info: Port "master_rdata[0][4]" is changed into "master_rdata_0_4" because it's a member of 2-D array port "master_rdata"
Info: Port "master_rdata[0][5]" is changed into "master_rdata_0_5" because it's a member of 2-D array port "master_rdata"
Info: Port "master_rdata[0][6]" is changed into "master_rdata_0_6" because it's a member of 2-D array port "master_rdata"
Info: Port "master_rdata[0][7]" is changed into "master_rdata_0_7" because it's a member of 2-D array port "master_rdata"
Info: Port "master_rdata[0][8]" is changed into "master_rdata_0_8" because it's a member of 2-D array port "master_rdata"
Info: Port "master_rdata[0][9]" is changed into "master_rdata_0_9" because it's a member of 2-D array port "master_rdata"
Info: Port "master_rdata[0][10]" is changed into "master_rdata_0_10" because it's a member of 2-D array port "master_rdata"
Info: Port "master_rdata[0][11]" is changed into "master_rdata_0_11" because it's a member of 2-D array port "master_rdata"
Info: Port "master_rdata[0][12]" is changed into "master_rdata_0_12" because it's a member of 2-D array port "master_rdata"
Info: Port "master_rdata[0][13]" is changed into "master_rdata_0_13" because it's a member of 2-D array port "master_rdata"
Info: Port "master_rdata[0][14]" is changed into "master_rdata_0_14" because it's a member of 2-D array port "master_rdata"
Info: Port "master_rdata[0][15]" is changed into "master_rdata_0_15" because it's a member of 2-D array port "master_rdata"
Info: Port "master_rdata[0][16]" is changed into "master_rdata_0_16" because it's a member of 2-D array port "master_rdata"
Info: Port "master_rdata[0][17]" is changed into "master_rdata_0_17" because it's a member of 2-D array port "master_rdata"
Info: Port "master_rdata[0][18]" is changed into "master_rdata_0_18" because it's a member of 2-D array port "master_rdata"
Info: Port "master_rdata[0][19]" is changed into "master_rdata_0_19" because it's a member of 2-D array port "master_rdata"
Info: Port "master_rdata[0][20]" is changed into "master_rdata_0_20" because it's a member of 2-D array port "master_rdata"
Info: Port "master_rdata[0][21]" is changed into "master_rdata_0_21" because it's a member of 2-D array port "master_rdata"
Info: Port "master_rdata[0][22]" is changed into "master_rdata_0_22" because it's a member of 2-D array port "master_rdata"
Info: Port "master_rdata[0][23]" is changed into "master_rdata_0_23" because it's a member of 2-D array port "master_rdata"
Info: Port "master_rdata[0][24]" is changed into "master_rdata_0_24" because it's a member of 2-D array port "master_rdata"
Info: Port "master_rdata[0][25]" is changed into "master_rdata_0_25" because it's a member of 2-D array port "master_rdata"
Info: Port "master_rdata[0][26]" is changed into "master_rdata_0_26" because it's a member of 2-D array port "master_rdata"
Info: Port "master_rdata[0][27]" is changed into "master_rdata_0_27" because it's a member of 2-D array port "master_rdata"
Info: Port "master_rdata[0][28]" is changed into "master_rdata_0_28" because it's a member of 2-D array port "master_rdata"
Info: Port "master_rdata[0][29]" is changed into "master_rdata_0_29" because it's a member of 2-D array port "master_rdata"
Info: Port "master_rdata[0][30]" is changed into "master_rdata_0_30" because it's a member of 2-D array port "master_rdata"
Info: Port "master_rdata[0][31]" is changed into "master_rdata_0_31" because it's a member of 2-D array port "master_rdata"
Info: Port "master_rdata[1][0]" is changed into "master_rdata_1_0" because it's a member of 2-D array port "master_rdata"
Info: Port "master_rdata[1][1]" is changed into "master_rdata_1_1" because it's a member of 2-D array port "master_rdata"
Info: Port "master_rdata[1][2]" is changed into "master_rdata_1_2" because it's a member of 2-D array port "master_rdata"
Info: Port "master_rdata[1][3]" is changed into "master_rdata_1_3" because it's a member of 2-D array port "master_rdata"
Info: Port "master_rdata[1][4]" is changed into "master_rdata_1_4" because it's a member of 2-D array port "master_rdata"
Info: Port "master_rdata[1][5]" is changed into "master_rdata_1_5" because it's a member of 2-D array port "master_rdata"
Info: Port "master_rdata[1][6]" is changed into "master_rdata_1_6" because it's a member of 2-D array port "master_rdata"
Info: Port "master_rdata[1][7]" is changed into "master_rdata_1_7" because it's a member of 2-D array port "master_rdata"
Info: Port "master_rdata[1][8]" is changed into "master_rdata_1_8" because it's a member of 2-D array port "master_rdata"
Info: Port "master_rdata[1][9]" is changed into "master_rdata_1_9" because it's a member of 2-D array port "master_rdata"
Info: Port "master_rdata[1][10]" is changed into "master_rdata_1_10" because it's a member of 2-D array port "master_rdata"
Info: Port "master_rdata[1][11]" is changed into "master_rdata_1_11" because it's a member of 2-D array port "master_rdata"
Info: Port "master_rdata[1][12]" is changed into "master_rdata_1_12" because it's a member of 2-D array port "master_rdata"
Info: Port "master_rdata[1][13]" is changed into "master_rdata_1_13" because it's a member of 2-D array port "master_rdata"
Info: Port "master_rdata[1][14]" is changed into "master_rdata_1_14" because it's a member of 2-D array port "master_rdata"
Info: Port "master_rdata[1][15]" is changed into "master_rdata_1_15" because it's a member of 2-D array port "master_rdata"
Info: Port "master_rdata[1][16]" is changed into "master_rdata_1_16" because it's a member of 2-D array port "master_rdata"
Info: Port "master_rdata[1][17]" is changed into "master_rdata_1_17" because it's a member of 2-D array port "master_rdata"
Info: Port "master_rdata[1][18]" is changed into "master_rdata_1_18" because it's a member of 2-D array port "master_rdata"
Info: Port "master_rdata[1][19]" is changed into "master_rdata_1_19" because it's a member of 2-D array port "master_rdata"
Info: Port "master_rdata[1][20]" is changed into "master_rdata_1_20" because it's a member of 2-D array port "master_rdata"
Info: Port "master_rdata[1][21]" is changed into "master_rdata_1_21" because it's a member of 2-D array port "master_rdata"
Info: Port "master_rdata[1][22]" is changed into "master_rdata_1_22" because it's a member of 2-D array port "master_rdata"
Info: Port "master_rdata[1][23]" is changed into "master_rdata_1_23" because it's a member of 2-D array port "master_rdata"
Info: Port "master_rdata[1][24]" is changed into "master_rdata_1_24" because it's a member of 2-D array port "master_rdata"
Info: Port "master_rdata[1][25]" is changed into "master_rdata_1_25" because it's a member of 2-D array port "master_rdata"
Info: Port "master_rdata[1][26]" is changed into "master_rdata_1_26" because it's a member of 2-D array port "master_rdata"
Info: Port "master_rdata[1][27]" is changed into "master_rdata_1_27" because it's a member of 2-D array port "master_rdata"
Info: Port "master_rdata[1][28]" is changed into "master_rdata_1_28" because it's a member of 2-D array port "master_rdata"
Info: Port "master_rdata[1][29]" is changed into "master_rdata_1_29" because it's a member of 2-D array port "master_rdata"
Info: Port "master_rdata[1][30]" is changed into "master_rdata_1_30" because it's a member of 2-D array port "master_rdata"
Info: Port "master_rdata[1][31]" is changed into "master_rdata_1_31" because it's a member of 2-D array port "master_rdata"
Info: Port "slave_addr[0][0]" is changed into "slave_addr_0_0" because it's a member of 2-D array port "slave_addr"
Info: Port "slave_addr[0][1]" is changed into "slave_addr_0_1" because it's a member of 2-D array port "slave_addr"
Info: Port "slave_addr[0][2]" is changed into "slave_addr_0_2" because it's a member of 2-D array port "slave_addr"
Info: Port "slave_addr[0][3]" is changed into "slave_addr_0_3" because it's a member of 2-D array port "slave_addr"
Info: Port "slave_addr[0][4]" is changed into "slave_addr_0_4" because it's a member of 2-D array port "slave_addr"
Info: Port "slave_addr[0][5]" is changed into "slave_addr_0_5" because it's a member of 2-D array port "slave_addr"
Info: Port "slave_addr[0][6]" is changed into "slave_addr_0_6" because it's a member of 2-D array port "slave_addr"
Info: Port "slave_addr[0][7]" is changed into "slave_addr_0_7" because it's a member of 2-D array port "slave_addr"
Info: Port "slave_addr[0][8]" is changed into "slave_addr_0_8" because it's a member of 2-D array port "slave_addr"
Info: Port "slave_addr[0][9]" is changed into "slave_addr_0_9" because it's a member of 2-D array port "slave_addr"
Info: Port "slave_addr[0][10]" is changed into "slave_addr_0_10" because it's a member of 2-D array port "slave_addr"
Info: Port "slave_addr[0][11]" is changed into "slave_addr_0_11" because it's a member of 2-D array port "slave_addr"
Info: Port "slave_addr[0][12]" is changed into "slave_addr_0_12" because it's a member of 2-D array port "slave_addr"
Info: Port "slave_addr[0][13]" is changed into "slave_addr_0_13" because it's a member of 2-D array port "slave_addr"
Info: Port "slave_addr[0][14]" is changed into "slave_addr_0_14" because it's a member of 2-D array port "slave_addr"
Info: Port "slave_addr[0][15]" is changed into "slave_addr_0_15" because it's a member of 2-D array port "slave_addr"
Info: Port "slave_addr[0][16]" is changed into "slave_addr_0_16" because it's a member of 2-D array port "slave_addr"
Info: Port "slave_addr[0][17]" is changed into "slave_addr_0_17" because it's a member of 2-D array port "slave_addr"
Info: Port "slave_addr[0][18]" is changed into "slave_addr_0_18" because it's a member of 2-D array port "slave_addr"
Info: Port "slave_addr[0][19]" is changed into "slave_addr_0_19" because it's a member of 2-D array port "slave_addr"
Info: Port "slave_addr[0][20]" is changed into "slave_addr_0_20" because it's a member of 2-D array port "slave_addr"
Info: Port "slave_addr[0][21]" is changed into "slave_addr_0_21" because it's a member of 2-D array port "slave_addr"
Info: Port "slave_addr[0][22]" is changed into "slave_addr_0_22" because it's a member of 2-D array port "slave_addr"
Info: Port "slave_addr[0][23]" is changed into "slave_addr_0_23" because it's a member of 2-D array port "slave_addr"
Info: Port "slave_addr[0][24]" is changed into "slave_addr_0_24" because it's a member of 2-D array port "slave_addr"
Info: Port "slave_addr[0][25]" is changed into "slave_addr_0_25" because it's a member of 2-D array port "slave_addr"
Info: Port "slave_addr[0][26]" is changed into "slave_addr_0_26" because it's a member of 2-D array port "slave_addr"
Info: Port "slave_addr[0][27]" is changed into "slave_addr_0_27" because it's a member of 2-D array port "slave_addr"
Info: Port "slave_addr[0][28]" is changed into "slave_addr_0_28" because it's a member of 2-D array port "slave_addr"
Info: Port "slave_addr[0][29]" is changed into "slave_addr_0_29" because it's a member of 2-D array port "slave_addr"
Info: Port "slave_addr[0][30]" is changed into "slave_addr_0_30" because it's a member of 2-D array port "slave_addr"
Info: Port "slave_addr[0][31]" is changed into "slave_addr_0_31" because it's a member of 2-D array port "slave_addr"
Info: Port "slave_addr[1][0]" is changed into "slave_addr_1_0" because it's a member of 2-D array port "slave_addr"
Info: Port "slave_addr[1][1]" is changed into "slave_addr_1_1" because it's a member of 2-D array port "slave_addr"
Info: Port "slave_addr[1][2]" is changed into "slave_addr_1_2" because it's a member of 2-D array port "slave_addr"
Info: Port "slave_addr[1][3]" is changed into "slave_addr_1_3" because it's a member of 2-D array port "slave_addr"
Info: Port "slave_addr[1][4]" is changed into "slave_addr_1_4" because it's a member of 2-D array port "slave_addr"
Info: Port "slave_addr[1][5]" is changed into "slave_addr_1_5" because it's a member of 2-D array port "slave_addr"
Info: Port "slave_addr[1][6]" is changed into "slave_addr_1_6" because it's a member of 2-D array port "slave_addr"
Info: Port "slave_addr[1][7]" is changed into "slave_addr_1_7" because it's a member of 2-D array port "slave_addr"
Info: Port "slave_addr[1][8]" is changed into "slave_addr_1_8" because it's a member of 2-D array port "slave_addr"
Info: Port "slave_addr[1][9]" is changed into "slave_addr_1_9" because it's a member of 2-D array port "slave_addr"
Info: Port "slave_addr[1][10]" is changed into "slave_addr_1_10" because it's a member of 2-D array port "slave_addr"
Info: Port "slave_addr[1][11]" is changed into "slave_addr_1_11" because it's a member of 2-D array port "slave_addr"
Info: Port "slave_addr[1][12]" is changed into "slave_addr_1_12" because it's a member of 2-D array port "slave_addr"
Info: Port "slave_addr[1][13]" is changed into "slave_addr_1_13" because it's a member of 2-D array port "slave_addr"
Info: Port "slave_addr[1][14]" is changed into "slave_addr_1_14" because it's a member of 2-D array port "slave_addr"
Info: Port "slave_addr[1][15]" is changed into "slave_addr_1_15" because it's a member of 2-D array port "slave_addr"
Info: Port "slave_addr[1][16]" is changed into "slave_addr_1_16" because it's a member of 2-D array port "slave_addr"
Info: Port "slave_addr[1][17]" is changed into "slave_addr_1_17" because it's a member of 2-D array port "slave_addr"
Info: Port "slave_addr[1][18]" is changed into "slave_addr_1_18" because it's a member of 2-D array port "slave_addr"
Info: Port "slave_addr[1][19]" is changed into "slave_addr_1_19" because it's a member of 2-D array port "slave_addr"
Info: Port "slave_addr[1][20]" is changed into "slave_addr_1_20" because it's a member of 2-D array port "slave_addr"
Info: Port "slave_addr[1][21]" is changed into "slave_addr_1_21" because it's a member of 2-D array port "slave_addr"
Info: Port "slave_addr[1][22]" is changed into "slave_addr_1_22" because it's a member of 2-D array port "slave_addr"
Info: Port "slave_addr[1][23]" is changed into "slave_addr_1_23" because it's a member of 2-D array port "slave_addr"
Info: Port "slave_addr[1][24]" is changed into "slave_addr_1_24" because it's a member of 2-D array port "slave_addr"
Info: Port "slave_addr[1][25]" is changed into "slave_addr_1_25" because it's a member of 2-D array port "slave_addr"
Info: Port "slave_addr[1][26]" is changed into "slave_addr_1_26" because it's a member of 2-D array port "slave_addr"
Info: Port "slave_addr[1][27]" is changed into "slave_addr_1_27" because it's a member of 2-D array port "slave_addr"
Info: Port "slave_addr[1][28]" is changed into "slave_addr_1_28" because it's a member of 2-D array port "slave_addr"
Info: Port "slave_addr[1][29]" is changed into "slave_addr_1_29" because it's a member of 2-D array port "slave_addr"
Info: Port "slave_addr[1][30]" is changed into "slave_addr_1_30" because it's a member of 2-D array port "slave_addr"
Info: Port "slave_addr[1][31]" is changed into "slave_addr_1_31" because it's a member of 2-D array port "slave_addr"
Info: Port "slave_wdata[0][0]" is changed into "slave_wdata_0_0" because it's a member of 2-D array port "slave_wdata"
Info: Port "slave_wdata[0][1]" is changed into "slave_wdata_0_1" because it's a member of 2-D array port "slave_wdata"
Info: Port "slave_wdata[0][2]" is changed into "slave_wdata_0_2" because it's a member of 2-D array port "slave_wdata"
Info: Port "slave_wdata[0][3]" is changed into "slave_wdata_0_3" because it's a member of 2-D array port "slave_wdata"
Info: Port "slave_wdata[0][4]" is changed into "slave_wdata_0_4" because it's a member of 2-D array port "slave_wdata"
Info: Port "slave_wdata[0][5]" is changed into "slave_wdata_0_5" because it's a member of 2-D array port "slave_wdata"
Info: Port "slave_wdata[0][6]" is changed into "slave_wdata_0_6" because it's a member of 2-D array port "slave_wdata"
Info: Port "slave_wdata[0][7]" is changed into "slave_wdata_0_7" because it's a member of 2-D array port "slave_wdata"
Info: Port "slave_wdata[0][8]" is changed into "slave_wdata_0_8" because it's a member of 2-D array port "slave_wdata"
Info: Port "slave_wdata[0][9]" is changed into "slave_wdata_0_9" because it's a member of 2-D array port "slave_wdata"
Info: Port "slave_wdata[0][10]" is changed into "slave_wdata_0_10" because it's a member of 2-D array port "slave_wdata"
Info: Port "slave_wdata[0][11]" is changed into "slave_wdata_0_11" because it's a member of 2-D array port "slave_wdata"
Info: Port "slave_wdata[0][12]" is changed into "slave_wdata_0_12" because it's a member of 2-D array port "slave_wdata"
Info: Port "slave_wdata[0][13]" is changed into "slave_wdata_0_13" because it's a member of 2-D array port "slave_wdata"
Info: Port "slave_wdata[0][14]" is changed into "slave_wdata_0_14" because it's a member of 2-D array port "slave_wdata"
Info: Port "slave_wdata[0][15]" is changed into "slave_wdata_0_15" because it's a member of 2-D array port "slave_wdata"
Info: Port "slave_wdata[0][16]" is changed into "slave_wdata_0_16" because it's a member of 2-D array port "slave_wdata"
Info: Port "slave_wdata[0][17]" is changed into "slave_wdata_0_17" because it's a member of 2-D array port "slave_wdata"
Info: Port "slave_wdata[0][18]" is changed into "slave_wdata_0_18" because it's a member of 2-D array port "slave_wdata"
Info: Port "slave_wdata[0][19]" is changed into "slave_wdata_0_19" because it's a member of 2-D array port "slave_wdata"
Info: Port "slave_wdata[0][20]" is changed into "slave_wdata_0_20" because it's a member of 2-D array port "slave_wdata"
Info: Port "slave_wdata[0][21]" is changed into "slave_wdata_0_21" because it's a member of 2-D array port "slave_wdata"
Info: Port "slave_wdata[0][22]" is changed into "slave_wdata_0_22" because it's a member of 2-D array port "slave_wdata"
Info: Port "slave_wdata[0][23]" is changed into "slave_wdata_0_23" because it's a member of 2-D array port "slave_wdata"
Info: Port "slave_wdata[0][24]" is changed into "slave_wdata_0_24" because it's a member of 2-D array port "slave_wdata"
Info: Port "slave_wdata[0][25]" is changed into "slave_wdata_0_25" because it's a member of 2-D array port "slave_wdata"
Info: Port "slave_wdata[0][26]" is changed into "slave_wdata_0_26" because it's a member of 2-D array port "slave_wdata"
Info: Port "slave_wdata[0][27]" is changed into "slave_wdata_0_27" because it's a member of 2-D array port "slave_wdata"
Info: Port "slave_wdata[0][28]" is changed into "slave_wdata_0_28" because it's a member of 2-D array port "slave_wdata"
Info: Port "slave_wdata[0][29]" is changed into "slave_wdata_0_29" because it's a member of 2-D array port "slave_wdata"
Info: Port "slave_wdata[0][30]" is changed into "slave_wdata_0_30" because it's a member of 2-D array port "slave_wdata"
Info: Port "slave_wdata[0][31]" is changed into "slave_wdata_0_31" because it's a member of 2-D array port "slave_wdata"
Info: Port "slave_wdata[1][0]" is changed into "slave_wdata_1_0" because it's a member of 2-D array port "slave_wdata"
Info: Port "slave_wdata[1][1]" is changed into "slave_wdata_1_1" because it's a member of 2-D array port "slave_wdata"
Info: Port "slave_wdata[1][2]" is changed into "slave_wdata_1_2" because it's a member of 2-D array port "slave_wdata"
Info: Port "slave_wdata[1][3]" is changed into "slave_wdata_1_3" because it's a member of 2-D array port "slave_wdata"
Info: Port "slave_wdata[1][4]" is changed into "slave_wdata_1_4" because it's a member of 2-D array port "slave_wdata"
Info: Port "slave_wdata[1][5]" is changed into "slave_wdata_1_5" because it's a member of 2-D array port "slave_wdata"
Info: Port "slave_wdata[1][6]" is changed into "slave_wdata_1_6" because it's a member of 2-D array port "slave_wdata"
Info: Port "slave_wdata[1][7]" is changed into "slave_wdata_1_7" because it's a member of 2-D array port "slave_wdata"
Info: Port "slave_wdata[1][8]" is changed into "slave_wdata_1_8" because it's a member of 2-D array port "slave_wdata"
Info: Port "slave_wdata[1][9]" is changed into "slave_wdata_1_9" because it's a member of 2-D array port "slave_wdata"
Info: Port "slave_wdata[1][10]" is changed into "slave_wdata_1_10" because it's a member of 2-D array port "slave_wdata"
Info: Port "slave_wdata[1][11]" is changed into "slave_wdata_1_11" because it's a member of 2-D array port "slave_wdata"
Info: Port "slave_wdata[1][12]" is changed into "slave_wdata_1_12" because it's a member of 2-D array port "slave_wdata"
Info: Port "slave_wdata[1][13]" is changed into "slave_wdata_1_13" because it's a member of 2-D array port "slave_wdata"
Info: Port "slave_wdata[1][14]" is changed into "slave_wdata_1_14" because it's a member of 2-D array port "slave_wdata"
Info: Port "slave_wdata[1][15]" is changed into "slave_wdata_1_15" because it's a member of 2-D array port "slave_wdata"
Info: Port "slave_wdata[1][16]" is changed into "slave_wdata_1_16" because it's a member of 2-D array port "slave_wdata"
Info: Port "slave_wdata[1][17]" is changed into "slave_wdata_1_17" because it's a member of 2-D array port "slave_wdata"
Info: Port "slave_wdata[1][18]" is changed into "slave_wdata_1_18" because it's a member of 2-D array port "slave_wdata"
Info: Port "slave_wdata[1][19]" is changed into "slave_wdata_1_19" because it's a member of 2-D array port "slave_wdata"
Info: Port "slave_wdata[1][20]" is changed into "slave_wdata_1_20" because it's a member of 2-D array port "slave_wdata"
Info: Port "slave_wdata[1][21]" is changed into "slave_wdata_1_21" because it's a member of 2-D array port "slave_wdata"
Info: Port "slave_wdata[1][22]" is changed into "slave_wdata_1_22" because it's a member of 2-D array port "slave_wdata"
Info: Port "slave_wdata[1][23]" is changed into "slave_wdata_1_23" because it's a member of 2-D array port "slave_wdata"
Info: Port "slave_wdata[1][24]" is changed into "slave_wdata_1_24" because it's a member of 2-D array port "slave_wdata"
Info: Port "slave_wdata[1][25]" is changed into "slave_wdata_1_25" because it's a member of 2-D array port "slave_wdata"
Info: Port "slave_wdata[1][26]" is changed into "slave_wdata_1_26" because it's a member of 2-D array port "slave_wdata"
Info: Port "slave_wdata[1][27]" is changed into "slave_wdata_1_27" because it's a member of 2-D array port "slave_wdata"
Info: Port "slave_wdata[1][28]" is changed into "slave_wdata_1_28" because it's a member of 2-D array port "slave_wdata"
Info: Port "slave_wdata[1][29]" is changed into "slave_wdata_1_29" because it's a member of 2-D array port "slave_wdata"
Info: Port "slave_wdata[1][30]" is changed into "slave_wdata_1_30" because it's a member of 2-D array port "slave_wdata"
Info: Port "slave_wdata[1][31]" is changed into "slave_wdata_1_31" because it's a member of 2-D array port "slave_wdata"
Info: Port "slave_rdata[1][0]" is changed into "slave_rdata_1_0" because it's a member of 2-D array port "slave_rdata"
Info: Port "slave_rdata[0][0]" is changed into "slave_rdata_0_0" because it's a member of 2-D array port "slave_rdata"
Info: Port "slave_rdata[1][1]" is changed into "slave_rdata_1_1" because it's a member of 2-D array port "slave_rdata"
Info: Port "slave_rdata[0][1]" is changed into "slave_rdata_0_1" because it's a member of 2-D array port "slave_rdata"
Info: Port "slave_rdata[1][2]" is changed into "slave_rdata_1_2" because it's a member of 2-D array port "slave_rdata"
Info: Port "slave_rdata[0][2]" is changed into "slave_rdata_0_2" because it's a member of 2-D array port "slave_rdata"
Info: Port "slave_rdata[1][3]" is changed into "slave_rdata_1_3" because it's a member of 2-D array port "slave_rdata"
Info: Port "slave_rdata[0][3]" is changed into "slave_rdata_0_3" because it's a member of 2-D array port "slave_rdata"
Info: Port "slave_rdata[1][4]" is changed into "slave_rdata_1_4" because it's a member of 2-D array port "slave_rdata"
Info: Port "slave_rdata[0][4]" is changed into "slave_rdata_0_4" because it's a member of 2-D array port "slave_rdata"
Info: Port "slave_rdata[1][5]" is changed into "slave_rdata_1_5" because it's a member of 2-D array port "slave_rdata"
Info: Port "slave_rdata[0][5]" is changed into "slave_rdata_0_5" because it's a member of 2-D array port "slave_rdata"
Info: Port "slave_rdata[1][6]" is changed into "slave_rdata_1_6" because it's a member of 2-D array port "slave_rdata"
Info: Port "slave_rdata[0][6]" is changed into "slave_rdata_0_6" because it's a member of 2-D array port "slave_rdata"
Info: Port "slave_rdata[1][7]" is changed into "slave_rdata_1_7" because it's a member of 2-D array port "slave_rdata"
Info: Port "slave_rdata[0][7]" is changed into "slave_rdata_0_7" because it's a member of 2-D array port "slave_rdata"
Info: Port "slave_rdata[1][8]" is changed into "slave_rdata_1_8" because it's a member of 2-D array port "slave_rdata"
Info: Port "slave_rdata[0][8]" is changed into "slave_rdata_0_8" because it's a member of 2-D array port "slave_rdata"
Info: Port "slave_rdata[1][9]" is changed into "slave_rdata_1_9" because it's a member of 2-D array port "slave_rdata"
Info: Port "slave_rdata[0][9]" is changed into "slave_rdata_0_9" because it's a member of 2-D array port "slave_rdata"
Info: Port "slave_rdata[1][10]" is changed into "slave_rdata_1_10" because it's a member of 2-D array port "slave_rdata"
Info: Port "slave_rdata[0][10]" is changed into "slave_rdata_0_10" because it's a member of 2-D array port "slave_rdata"
Info: Port "slave_rdata[1][11]" is changed into "slave_rdata_1_11" because it's a member of 2-D array port "slave_rdata"
Info: Port "slave_rdata[0][11]" is changed into "slave_rdata_0_11" because it's a member of 2-D array port "slave_rdata"
Info: Port "slave_rdata[1][12]" is changed into "slave_rdata_1_12" because it's a member of 2-D array port "slave_rdata"
Info: Port "slave_rdata[0][12]" is changed into "slave_rdata_0_12" because it's a member of 2-D array port "slave_rdata"
Info: Port "slave_rdata[1][13]" is changed into "slave_rdata_1_13" because it's a member of 2-D array port "slave_rdata"
Info: Port "slave_rdata[0][13]" is changed into "slave_rdata_0_13" because it's a member of 2-D array port "slave_rdata"
Info: Port "slave_rdata[1][14]" is changed into "slave_rdata_1_14" because it's a member of 2-D array port "slave_rdata"
Info: Port "slave_rdata[0][14]" is changed into "slave_rdata_0_14" because it's a member of 2-D array port "slave_rdata"
Info: Port "slave_rdata[1][15]" is changed into "slave_rdata_1_15" because it's a member of 2-D array port "slave_rdata"
Info: Port "slave_rdata[0][15]" is changed into "slave_rdata_0_15" because it's a member of 2-D array port "slave_rdata"
Info: Port "slave_rdata[1][16]" is changed into "slave_rdata_1_16" because it's a member of 2-D array port "slave_rdata"
Info: Port "slave_rdata[0][16]" is changed into "slave_rdata_0_16" because it's a member of 2-D array port "slave_rdata"
Info: Port "slave_rdata[1][17]" is changed into "slave_rdata_1_17" because it's a member of 2-D array port "slave_rdata"
Info: Port "slave_rdata[0][17]" is changed into "slave_rdata_0_17" because it's a member of 2-D array port "slave_rdata"
Info: Port "slave_rdata[1][18]" is changed into "slave_rdata_1_18" because it's a member of 2-D array port "slave_rdata"
Info: Port "slave_rdata[0][18]" is changed into "slave_rdata_0_18" because it's a member of 2-D array port "slave_rdata"
Info: Port "slave_rdata[1][19]" is changed into "slave_rdata_1_19" because it's a member of 2-D array port "slave_rdata"
Info: Port "slave_rdata[0][19]" is changed into "slave_rdata_0_19" because it's a member of 2-D array port "slave_rdata"
Info: Port "slave_rdata[1][20]" is changed into "slave_rdata_1_20" because it's a member of 2-D array port "slave_rdata"
Info: Port "slave_rdata[0][20]" is changed into "slave_rdata_0_20" because it's a member of 2-D array port "slave_rdata"
Info: Port "slave_rdata[1][21]" is changed into "slave_rdata_1_21" because it's a member of 2-D array port "slave_rdata"
Info: Port "slave_rdata[0][21]" is changed into "slave_rdata_0_21" because it's a member of 2-D array port "slave_rdata"
Info: Port "slave_rdata[1][22]" is changed into "slave_rdata_1_22" because it's a member of 2-D array port "slave_rdata"
Info: Port "slave_rdata[0][22]" is changed into "slave_rdata_0_22" because it's a member of 2-D array port "slave_rdata"
Info: Port "slave_rdata[1][23]" is changed into "slave_rdata_1_23" because it's a member of 2-D array port "slave_rdata"
Info: Port "slave_rdata[0][23]" is changed into "slave_rdata_0_23" because it's a member of 2-D array port "slave_rdata"
Info: Port "slave_rdata[1][24]" is changed into "slave_rdata_1_24" because it's a member of 2-D array port "slave_rdata"
Info: Port "slave_rdata[0][24]" is changed into "slave_rdata_0_24" because it's a member of 2-D array port "slave_rdata"
Info: Port "slave_rdata[1][25]" is changed into "slave_rdata_1_25" because it's a member of 2-D array port "slave_rdata"
Info: Port "slave_rdata[0][25]" is changed into "slave_rdata_0_25" because it's a member of 2-D array port "slave_rdata"
Info: Port "slave_rdata[1][26]" is changed into "slave_rdata_1_26" because it's a member of 2-D array port "slave_rdata"
Info: Port "slave_rdata[0][26]" is changed into "slave_rdata_0_26" because it's a member of 2-D array port "slave_rdata"
Info: Port "slave_rdata[1][27]" is changed into "slave_rdata_1_27" because it's a member of 2-D array port "slave_rdata"
Info: Port "slave_rdata[0][27]" is changed into "slave_rdata_0_27" because it's a member of 2-D array port "slave_rdata"
Info: Port "slave_rdata[1][28]" is changed into "slave_rdata_1_28" because it's a member of 2-D array port "slave_rdata"
Info: Port "slave_rdata[0][28]" is changed into "slave_rdata_0_28" because it's a member of 2-D array port "slave_rdata"
Info: Port "slave_rdata[1][29]" is changed into "slave_rdata_1_29" because it's a member of 2-D array port "slave_rdata"
Info: Port "slave_rdata[0][29]" is changed into "slave_rdata_0_29" because it's a member of 2-D array port "slave_rdata"
Info: Port "slave_rdata[1][30]" is changed into "slave_rdata_1_30" because it's a member of 2-D array port "slave_rdata"
Info: Port "slave_rdata[0][30]" is changed into "slave_rdata_0_30" because it's a member of 2-D array port "slave_rdata"
Info: Port "slave_rdata[1][31]" is changed into "slave_rdata_1_31" because it's a member of 2-D array port "slave_rdata"
Info: Port "slave_rdata[0][31]" is changed into "slave_rdata_0_31" because it's a member of 2-D array port "slave_rdata"
Info: Port "master_addr[0][31]" is changed into "master_addr_0_31" because it's a member of 2-D array port "master_addr"
Info: Port "master_addr[1][31]" is changed into "master_addr_1_31" because it's a member of 2-D array port "master_addr"
Info: Port "master_addr[0][0]" is changed into "master_addr_0_0" because it's a member of 2-D array port "master_addr"
Info: Port "master_addr[0][1]" is changed into "master_addr_0_1" because it's a member of 2-D array port "master_addr"
Info: Port "master_addr[1][1]" is changed into "master_addr_1_1" because it's a member of 2-D array port "master_addr"
Info: Port "master_addr[1][0]" is changed into "master_addr_1_0" because it's a member of 2-D array port "master_addr"
Info: Port "master_addr[0][2]" is changed into "master_addr_0_2" because it's a member of 2-D array port "master_addr"
Info: Port "master_addr[0][3]" is changed into "master_addr_0_3" because it's a member of 2-D array port "master_addr"
Info: Port "master_addr[1][3]" is changed into "master_addr_1_3" because it's a member of 2-D array port "master_addr"
Info: Port "master_addr[1][2]" is changed into "master_addr_1_2" because it's a member of 2-D array port "master_addr"
Info: Port "master_addr[0][4]" is changed into "master_addr_0_4" because it's a member of 2-D array port "master_addr"
Info: Port "master_addr[0][5]" is changed into "master_addr_0_5" because it's a member of 2-D array port "master_addr"
Info: Port "master_addr[1][5]" is changed into "master_addr_1_5" because it's a member of 2-D array port "master_addr"
Info: Port "master_addr[1][4]" is changed into "master_addr_1_4" because it's a member of 2-D array port "master_addr"
Info: Port "master_addr[0][6]" is changed into "master_addr_0_6" because it's a member of 2-D array port "master_addr"
Info: Port "master_addr[0][7]" is changed into "master_addr_0_7" because it's a member of 2-D array port "master_addr"
Info: Port "master_addr[1][7]" is changed into "master_addr_1_7" because it's a member of 2-D array port "master_addr"
Info: Port "master_addr[1][6]" is changed into "master_addr_1_6" because it's a member of 2-D array port "master_addr"
Info: Port "master_addr[0][8]" is changed into "master_addr_0_8" because it's a member of 2-D array port "master_addr"
Info: Port "master_addr[0][9]" is changed into "master_addr_0_9" because it's a member of 2-D array port "master_addr"
Info: Port "master_addr[1][9]" is changed into "master_addr_1_9" because it's a member of 2-D array port "master_addr"
Info: Port "master_addr[1][8]" is changed into "master_addr_1_8" because it's a member of 2-D array port "master_addr"
Info: Port "master_addr[0][10]" is changed into "master_addr_0_10" because it's a member of 2-D array port "master_addr"
Info: Port "master_addr[0][11]" is changed into "master_addr_0_11" because it's a member of 2-D array port "master_addr"
Info: Port "master_addr[1][11]" is changed into "master_addr_1_11" because it's a member of 2-D array port "master_addr"
Info: Port "master_addr[1][10]" is changed into "master_addr_1_10" because it's a member of 2-D array port "master_addr"
Info: Port "master_addr[0][12]" is changed into "master_addr_0_12" because it's a member of 2-D array port "master_addr"
Info: Port "master_addr[0][13]" is changed into "master_addr_0_13" because it's a member of 2-D array port "master_addr"
Info: Port "master_addr[1][13]" is changed into "master_addr_1_13" because it's a member of 2-D array port "master_addr"
Info: Port "master_addr[1][12]" is changed into "master_addr_1_12" because it's a member of 2-D array port "master_addr"
Info: Port "master_addr[0][14]" is changed into "master_addr_0_14" because it's a member of 2-D array port "master_addr"
Info: Port "master_addr[0][15]" is changed into "master_addr_0_15" because it's a member of 2-D array port "master_addr"
Info: Port "master_addr[1][15]" is changed into "master_addr_1_15" because it's a member of 2-D array port "master_addr"
Info: Port "master_addr[1][14]" is changed into "master_addr_1_14" because it's a member of 2-D array port "master_addr"
Info: Port "master_addr[0][16]" is changed into "master_addr_0_16" because it's a member of 2-D array port "master_addr"
Info: Port "master_addr[0][17]" is changed into "master_addr_0_17" because it's a member of 2-D array port "master_addr"
Info: Port "master_addr[1][17]" is changed into "master_addr_1_17" because it's a member of 2-D array port "master_addr"
Info: Port "master_addr[1][16]" is changed into "master_addr_1_16" because it's a member of 2-D array port "master_addr"
Info: Port "master_addr[0][18]" is changed into "master_addr_0_18" because it's a member of 2-D array port "master_addr"
Info: Port "master_addr[0][19]" is changed into "master_addr_0_19" because it's a member of 2-D array port "master_addr"
Info: Port "master_addr[1][19]" is changed into "master_addr_1_19" because it's a member of 2-D array port "master_addr"
Info: Port "master_addr[1][18]" is changed into "master_addr_1_18" because it's a member of 2-D array port "master_addr"
Info: Port "master_addr[0][20]" is changed into "master_addr_0_20" because it's a member of 2-D array port "master_addr"
Info: Port "master_addr[0][21]" is changed into "master_addr_0_21" because it's a member of 2-D array port "master_addr"
Info: Port "master_addr[1][21]" is changed into "master_addr_1_21" because it's a member of 2-D array port "master_addr"
Info: Port "master_addr[1][20]" is changed into "master_addr_1_20" because it's a member of 2-D array port "master_addr"
Info: Port "master_addr[0][22]" is changed into "master_addr_0_22" because it's a member of 2-D array port "master_addr"
Info: Port "master_addr[0][23]" is changed into "master_addr_0_23" because it's a member of 2-D array port "master_addr"
Info: Port "master_addr[1][23]" is changed into "master_addr_1_23" because it's a member of 2-D array port "master_addr"
Info: Port "master_addr[1][22]" is changed into "master_addr_1_22" because it's a member of 2-D array port "master_addr"
Info: Port "master_addr[0][24]" is changed into "master_addr_0_24" because it's a member of 2-D array port "master_addr"
Info: Port "master_addr[0][25]" is changed into "master_addr_0_25" because it's a member of 2-D array port "master_addr"
Info: Port "master_addr[1][25]" is changed into "master_addr_1_25" because it's a member of 2-D array port "master_addr"
Info: Port "master_addr[1][24]" is changed into "master_addr_1_24" because it's a member of 2-D array port "master_addr"
Info: Port "master_addr[0][26]" is changed into "master_addr_0_26" because it's a member of 2-D array port "master_addr"
Info: Port "master_addr[0][27]" is changed into "master_addr_0_27" because it's a member of 2-D array port "master_addr"
Info: Port "master_addr[1][27]" is changed into "master_addr_1_27" because it's a member of 2-D array port "master_addr"
Info: Port "master_addr[1][26]" is changed into "master_addr_1_26" because it's a member of 2-D array port "master_addr"
Info: Port "master_addr[0][28]" is changed into "master_addr_0_28" because it's a member of 2-D array port "master_addr"
Info: Port "master_addr[0][29]" is changed into "master_addr_0_29" because it's a member of 2-D array port "master_addr"
Info: Port "master_addr[1][29]" is changed into "master_addr_1_29" because it's a member of 2-D array port "master_addr"
Info: Port "master_addr[1][28]" is changed into "master_addr_1_28" because it's a member of 2-D array port "master_addr"
Info: Port "master_addr[0][30]" is changed into "master_addr_0_30" because it's a member of 2-D array port "master_addr"
Info: Port "master_addr[1][30]" is changed into "master_addr_1_30" because it's a member of 2-D array port "master_addr"
Info: Port "master_wdata[0][0]" is changed into "master_wdata_0_0" because it's a member of 2-D array port "master_wdata"
Info: Port "master_wdata[1][0]" is changed into "master_wdata_1_0" because it's a member of 2-D array port "master_wdata"
Info: Port "master_wdata[0][1]" is changed into "master_wdata_0_1" because it's a member of 2-D array port "master_wdata"
Info: Port "master_wdata[1][1]" is changed into "master_wdata_1_1" because it's a member of 2-D array port "master_wdata"
Info: Port "master_wdata[0][2]" is changed into "master_wdata_0_2" because it's a member of 2-D array port "master_wdata"
Info: Port "master_wdata[1][2]" is changed into "master_wdata_1_2" because it's a member of 2-D array port "master_wdata"
Info: Port "master_wdata[0][3]" is changed into "master_wdata_0_3" because it's a member of 2-D array port "master_wdata"
Info: Port "master_wdata[1][3]" is changed into "master_wdata_1_3" because it's a member of 2-D array port "master_wdata"
Info: Port "master_wdata[0][4]" is changed into "master_wdata_0_4" because it's a member of 2-D array port "master_wdata"
Info: Port "master_wdata[1][4]" is changed into "master_wdata_1_4" because it's a member of 2-D array port "master_wdata"
Info: Port "master_wdata[0][5]" is changed into "master_wdata_0_5" because it's a member of 2-D array port "master_wdata"
Info: Port "master_wdata[1][5]" is changed into "master_wdata_1_5" because it's a member of 2-D array port "master_wdata"
Info: Port "master_wdata[0][6]" is changed into "master_wdata_0_6" because it's a member of 2-D array port "master_wdata"
Info: Port "master_wdata[1][6]" is changed into "master_wdata_1_6" because it's a member of 2-D array port "master_wdata"
Info: Port "master_wdata[0][7]" is changed into "master_wdata_0_7" because it's a member of 2-D array port "master_wdata"
Info: Port "master_wdata[1][7]" is changed into "master_wdata_1_7" because it's a member of 2-D array port "master_wdata"
Info: Port "master_wdata[0][8]" is changed into "master_wdata_0_8" because it's a member of 2-D array port "master_wdata"
Info: Port "master_wdata[1][8]" is changed into "master_wdata_1_8" because it's a member of 2-D array port "master_wdata"
Info: Port "master_wdata[0][9]" is changed into "master_wdata_0_9" because it's a member of 2-D array port "master_wdata"
Info: Port "master_wdata[1][9]" is changed into "master_wdata_1_9" because it's a member of 2-D array port "master_wdata"
Info: Port "master_wdata[0][10]" is changed into "master_wdata_0_10" because it's a member of 2-D array port "master_wdata"
Info: Port "master_wdata[1][10]" is changed into "master_wdata_1_10" because it's a member of 2-D array port "master_wdata"
Info: Port "master_wdata[0][11]" is changed into "master_wdata_0_11" because it's a member of 2-D array port "master_wdata"
Info: Port "master_wdata[1][11]" is changed into "master_wdata_1_11" because it's a member of 2-D array port "master_wdata"
Info: Port "master_wdata[0][12]" is changed into "master_wdata_0_12" because it's a member of 2-D array port "master_wdata"
Info: Port "master_wdata[1][12]" is changed into "master_wdata_1_12" because it's a member of 2-D array port "master_wdata"
Info: Port "master_wdata[0][13]" is changed into "master_wdata_0_13" because it's a member of 2-D array port "master_wdata"
Info: Port "master_wdata[1][13]" is changed into "master_wdata_1_13" because it's a member of 2-D array port "master_wdata"
Info: Port "master_wdata[0][14]" is changed into "master_wdata_0_14" because it's a member of 2-D array port "master_wdata"
Info: Port "master_wdata[1][14]" is changed into "master_wdata_1_14" because it's a member of 2-D array port "master_wdata"
Info: Port "master_wdata[0][15]" is changed into "master_wdata_0_15" because it's a member of 2-D array port "master_wdata"
Info: Port "master_wdata[1][15]" is changed into "master_wdata_1_15" because it's a member of 2-D array port "master_wdata"
Info: Port "master_wdata[0][16]" is changed into "master_wdata_0_16" because it's a member of 2-D array port "master_wdata"
Info: Port "master_wdata[1][16]" is changed into "master_wdata_1_16" because it's a member of 2-D array port "master_wdata"
Info: Port "master_wdata[0][17]" is changed into "master_wdata_0_17" because it's a member of 2-D array port "master_wdata"
Info: Port "master_wdata[1][17]" is changed into "master_wdata_1_17" because it's a member of 2-D array port "master_wdata"
Info: Port "master_wdata[0][18]" is changed into "master_wdata_0_18" because it's a member of 2-D array port "master_wdata"
Info: Port "master_wdata[1][18]" is changed into "master_wdata_1_18" because it's a member of 2-D array port "master_wdata"
Info: Port "master_wdata[0][19]" is changed into "master_wdata_0_19" because it's a member of 2-D array port "master_wdata"
Info: Port "master_wdata[1][19]" is changed into "master_wdata_1_19" because it's a member of 2-D array port "master_wdata"
Info: Port "master_wdata[0][20]" is changed into "master_wdata_0_20" because it's a member of 2-D array port "master_wdata"
Info: Port "master_wdata[1][20]" is changed into "master_wdata_1_20" because it's a member of 2-D array port "master_wdata"
Info: Port "master_wdata[0][21]" is changed into "master_wdata_0_21" because it's a member of 2-D array port "master_wdata"
Info: Port "master_wdata[1][21]" is changed into "master_wdata_1_21" because it's a member of 2-D array port "master_wdata"
Info: Port "master_wdata[0][22]" is changed into "master_wdata_0_22" because it's a member of 2-D array port "master_wdata"
Info: Port "master_wdata[1][22]" is changed into "master_wdata_1_22" because it's a member of 2-D array port "master_wdata"
Info: Port "master_wdata[0][23]" is changed into "master_wdata_0_23" because it's a member of 2-D array port "master_wdata"
Info: Port "master_wdata[1][23]" is changed into "master_wdata_1_23" because it's a member of 2-D array port "master_wdata"
Info: Port "master_wdata[0][24]" is changed into "master_wdata_0_24" because it's a member of 2-D array port "master_wdata"
Info: Port "master_wdata[1][24]" is changed into "master_wdata_1_24" because it's a member of 2-D array port "master_wdata"
Info: Port "master_wdata[0][25]" is changed into "master_wdata_0_25" because it's a member of 2-D array port "master_wdata"
Info: Port "master_wdata[1][25]" is changed into "master_wdata_1_25" because it's a member of 2-D array port "master_wdata"
Info: Port "master_wdata[0][26]" is changed into "master_wdata_0_26" because it's a member of 2-D array port "master_wdata"
Info: Port "master_wdata[1][26]" is changed into "master_wdata_1_26" because it's a member of 2-D array port "master_wdata"
Info: Port "master_wdata[0][27]" is changed into "master_wdata_0_27" because it's a member of 2-D array port "master_wdata"
Info: Port "master_wdata[1][27]" is changed into "master_wdata_1_27" because it's a member of 2-D array port "master_wdata"
Info: Port "master_wdata[0][28]" is changed into "master_wdata_0_28" because it's a member of 2-D array port "master_wdata"
Info: Port "master_wdata[1][28]" is changed into "master_wdata_1_28" because it's a member of 2-D array port "master_wdata"
Info: Port "master_wdata[0][29]" is changed into "master_wdata_0_29" because it's a member of 2-D array port "master_wdata"
Info: Port "master_wdata[1][29]" is changed into "master_wdata_1_29" because it's a member of 2-D array port "master_wdata"
Info: Port "master_wdata[0][30]" is changed into "master_wdata_0_30" because it's a member of 2-D array port "master_wdata"
Info: Port "master_wdata[1][30]" is changed into "master_wdata_1_30" because it's a member of 2-D array port "master_wdata"
Info: Port "master_wdata[0][31]" is changed into "master_wdata_0_31" because it's a member of 2-D array port "master_wdata"
Info: Port "master_wdata[1][31]" is changed into "master_wdata_1_31" because it's a member of 2-D array port "master_wdata"
Info: Generated files "Crossbar.vo" and "Crossbar_v.sdo" in directory "C:/Projects/QuartusProjects/Crossbar/timing/custom/" for EDA timing analysis tool
Info: Quartus II EDA Netlist Writer was successful. 0 errors, 0 warnings
    Info: Peak virtual memory: 218 megabytes
    Info: Processing ended: Fri Aug 24 10:27:30 2018
    Info: Elapsed time: 00:00:02
    Info: Total CPU time (on all processors): 00:00:02


